# JRE version: Java(TM) SE Runtime Environment (21.0.2+13) (build 21.0.2+13-LTS-58)
# Java VM: Java HotSpot(TM) 64-Bit Server VM (21.0.2+13-LTS-58, mixed mode, sharing, tiered, compressed oops, compressed class ptrs, g1 gc, windows-amd64)
GC Precious Log:
 CardTable entry size: 512
 Card Set container configuration: InlinePtr #cards 4 size 8 Array Of Cards #cards 16 size 48 Howl #buckets 8 coarsen threshold 3686 Howl Bitmap #cards 512 size 80 coarsen threshold 460 Card regions per heap region 1 cards per card region 4096
 CPUs: 8 total, 8 available
 Memory: 16166M
 Large Page Support: Disabled
 NUMA Support: Disabled
 Compressed Oops: Enabled (Zero based)
 Heap Region Size: 2M
 Heap Min Capacity: 8M
 Heap Initial Capacity: 254M
 Heap Max Capacity: 4042M
 Pre-touch: Disabled
 Parallel Workers: 8
 Concurrent Workers: 2
 Concurrent Refinement Workers: 8
 Periodic GC: Disabled
Heap:
 garbage-first heap   total 159744K, used 70422K [0x0000000703600000, 0x0000000800000000)
  region size 2048K, 6 young (12288K), 2 survivors (4096K)
 Metaspace       used 35119K, committed 35968K, reserved 1114112K
  class space    used 3919K, committed 4224K, reserved 1048576K
GC Heap History (20 events):
Event: 0.717 GC heap before
{Heap before GC invocations=0 (full 0):
 garbage-first heap   total 260096K, used 22528K [0x0000000703600000, 0x0000000800000000)
  region size 2048K, 11 young (22528K), 0 survivors (0K)
 Metaspace       used 5711K, committed 5952K, reserved 1114112K
  class space    used 653K, committed 768K, reserved 1048576K
}
Event: 0.721 GC heap after
{Heap after GC invocations=1 (full 0):
 garbage-first heap   total 260096K, used 4016K [0x0000000703600000, 0x0000000800000000)
  region size 2048K, 2 young (4096K), 2 survivors (4096K)
 Metaspace       used 5711K, committed 5952K, reserved 1114112K
  class space    used 653K, committed 768K, reserved 1048576K
}
Event: 1.236 GC heap before
{Heap before GC invocations=1 (full 0):
 garbage-first heap   total 260096K, used 36784K [0x0000000703600000, 0x0000000800000000)
  region size 2048K, 18 young (36864K), 2 survivors (4096K)
 Metaspace       used 10546K, committed 10688K, reserved 1114112K
  class space    used 1255K, committed 1344K, reserved 1048576K
}
Event: 1.240 GC heap after
{Heap after GC invocations=2 (full 0):
 garbage-first heap   total 260096K, used 5964K [0x0000000703600000, 0x0000000800000000)
  region size 2048K, 2 young (4096K), 2 survivors (4096K)
 Metaspace       used 10546K, committed 10688K, reserved 1114112K
  class space    used 1255K, committed 1344K, reserved 1048576K
}
Event: 3.455 GC heap before
{Heap before GC invocations=2 (full 0):
 garbage-first heap   total 260096K, used 163660K [0x0000000703600000, 0x0000000800000000)
  region size 2048K, 76 young (155648K), 2 survivors (4096K)
 Metaspace       used 20378K, committed 20672K, reserved 1114112K
  class space    used 2304K, committed 2432K, reserved 1048576K
}
Event: 3.467 GC heap after
{Heap after GC invocations=3 (full 0):
 garbage-first heap   total 260096K, used 29174K [0x0000000703600000, 0x0000000800000000)
  region size 2048K, 9 young (18432K), 9 survivors (18432K)
 Metaspace       used 20378K, committed 20672K, reserved 1114112K
  class space    used 2304K, committed 2432K, reserved 1048576K
}
Event: 3.514 GC heap before
{Heap before GC invocations=3 (full 0):
 garbage-first heap   total 260096K, used 31222K [0x0000000703600000, 0x0000000800000000)
  region size 2048K, 11 young (22528K), 9 survivors (18432K)
 Metaspace       used 21265K, committed 21504K, reserved 1114112K
  class space    used 2445K, committed 2560K, reserved 1048576K
}
Event: 3.525 GC heap after
{Heap after GC invocations=4 (full 0):
 garbage-first heap   total 260096K, used 27580K [0x0000000703600000, 0x0000000800000000)
  region size 2048K, 2 young (4096K), 2 survivors (4096K)
 Metaspace       used 21265K, committed 21504K, reserved 1114112K
  class space    used 2445K, committed 2560K, reserved 1048576K
}
Event: 4.800 GC heap before
{Heap before GC invocations=5 (full 0):
 garbage-first heap   total 110592K, used 107452K [0x0000000703600000, 0x0000000800000000)
  region size 2048K, 41 young (83968K), 2 survivors (4096K)
 Metaspace       used 28932K, committed 29376K, reserved 1114112K
  class space    used 3254K, committed 3456K, reserved 1048576K
}
Event: 4.811 GC heap after
{Heap after GC invocations=6 (full 0):
 garbage-first heap   total 126976K, used 40488K [0x0000000703600000, 0x0000000800000000)
  region size 2048K, 8 young (16384K), 8 survivors (16384K)
 Metaspace       used 28932K, committed 29376K, reserved 1114112K
  class space    used 3254K, committed 3456K, reserved 1048576K
}
Event: 5.325 GC heap before
{Heap before GC invocations=6 (full 0):
 garbage-first heap   total 126976K, used 97832K [0x0000000703600000, 0x0000000800000000)
  region size 2048K, 36 young (73728K), 8 survivors (16384K)
 Metaspace       used 30010K, committed 30528K, reserved 1114112K
  class space    used 3365K, committed 3584K, reserved 1048576K
}
Event: 5.339 GC heap after
{Heap after GC invocations=7 (full 0):
 garbage-first heap   total 126976K, used 43128K [0x0000000703600000, 0x0000000800000000)
  region size 2048K, 2 young (4096K), 2 survivors (4096K)
 Metaspace       used 30010K, committed 30528K, reserved 1114112K
  class space    used 3365K, committed 3584K, reserved 1048576K
}
Event: 5.966 GC heap before
{Heap before GC invocations=7 (full 0):
 garbage-first heap   total 126976K, used 102520K [0x0000000703600000, 0x0000000800000000)
  region size 2048K, 31 young (63488K), 2 survivors (4096K)
 Metaspace       used 32088K, committed 32576K, reserved 1114112K
  class space    used 3616K, committed 3840K, reserved 1048576K
}
Event: 5.974 GC heap after
{Heap after GC invocations=8 (full 0):
 garbage-first heap   total 126976K, used 43379K [0x0000000703600000, 0x0000000800000000)
  region size 2048K, 2 young (4096K), 2 survivors (4096K)
 Metaspace       used 32088K, committed 32576K, reserved 1114112K
  class space    used 3616K, committed 3840K, reserved 1048576K
}
Event: 6.483 GC heap before
{Heap before GC invocations=8 (full 0):
 garbage-first heap   total 126976K, used 110963K [0x0000000703600000, 0x0000000800000000)
  region size 2048K, 33 young (67584K), 2 survivors (4096K)
 Metaspace       used 32431K, committed 32960K, reserved 1114112K
  class space    used 3629K, committed 3904K, reserved 1048576K
}
Event: 6.505 GC heap after
{Heap after GC invocations=9 (full 0):
 garbage-first heap   total 133120K, used 65450K [0x0000000703600000, 0x0000000800000000)
  region size 2048K, 5 young (10240K), 5 survivors (10240K)
 Metaspace       used 32431K, committed 32960K, reserved 1114112K
  class space    used 3629K, committed 3904K, reserved 1048576K
}
Event: 7.024 GC heap before
{Heap before GC invocations=9 (full 0):
 garbage-first heap   total 133120K, used 106410K [0x0000000703600000, 0x0000000800000000)
  region size 2048K, 25 young (51200K), 5 survivors (10240K)
 Metaspace       used 33922K, committed 34496K, reserved 1114112K
  class space    used 3795K, committed 4032K, reserved 1048576K
}
Event: 7.030 GC heap after
{Heap after GC invocations=10 (full 0):
 garbage-first heap   total 133120K, used 63965K [0x0000000703600000, 0x0000000800000000)
  region size 2048K, 2 young (4096K), 2 survivors (4096K)
 Metaspace       used 33922K, committed 34496K, reserved 1114112K
  class space    used 3795K, committed 4032K, reserved 1048576K
}
Event: 7.288 GC heap before
{Heap before GC invocations=10 (full 0):
 garbage-first heap   total 133120K, used 84445K [0x0000000703600000, 0x0000000800000000)
  region size 2048K, 13 young (26624K), 2 survivors (4096K)
 Metaspace       used 35795K, committed 36416K, reserved 1114112K
  class space    used 3988K, committed 4288K, reserved 1048576K
}
Event: 7.291 GC heap after
{Heap after GC invocations=11 (full 0):
 garbage-first heap   total 159744K, used 64278K [0x0000000703600000, 0x0000000800000000)
  region size 2048K, 2 young (4096K), 2 survivors (4096K)
 Metaspace       used 35795K, committed 36416K, reserved 1114112K
  class space    used 3988K, committed 4288K, reserved 1048576K
}

