# JRE version: Java(TM) SE Runtime Environment (21.0.2+13) (build 21.0.2+13-LTS-58)
# Java VM: Java HotSpot(TM) 64-Bit Server VM (21.0.2+13-LTS-58, mixed mode, sharing, tiered, compressed oops, compressed class ptrs, g1 gc, windows-amd64)
GC Precious Log:
 CardTable entry size: 512
 Card Set container configuration: InlinePtr #cards 4 size 8 Array Of Cards #cards 16 size 48 Howl #buckets 8 coarsen threshold 3686 Howl Bitmap #cards 512 size 80 coarsen threshold 460 Card regions per heap region 1 cards per card region 4096
 CPUs: 8 total, 8 available
 Memory: 16166M
 Large Page Support: Disabled
 NUMA Support: Disabled
 Compressed Oops: Enabled (Zero based)
 Heap Region Size: 2M
 Heap Min Capacity: 8M
 Heap Initial Capacity: 254M
 Heap Max Capacity: 4042M
 Pre-touch: Disabled
 Parallel Workers: 8
 Concurrent Workers: 2
 Concurrent Refinement Workers: 8
 Periodic GC: Disabled
Heap:
 garbage-first heap   total 147456K, used 75709K [0x0000000703600000, 0x0000000800000000)
  region size 2048K, 6 young (12288K), 1 survivors (2048K)
 Metaspace       used 37099K, committed 37696K, reserved 1114112K
  class space    used 4133K, committed 4416K, reserved 1048576K
GC Heap History (16 events):
Event: 0.730 GC heap before
{Heap before GC invocations=0 (full 0):
 garbage-first heap   total 260096K, used 22528K [0x0000000703600000, 0x0000000800000000)
  region size 2048K, 11 young (22528K), 0 survivors (0K)
 Metaspace       used 5708K, committed 5952K, reserved 1114112K
  class space    used 654K, committed 768K, reserved 1048576K
}
Event: 0.734 GC heap after
{Heap after GC invocations=1 (full 0):
 garbage-first heap   total 260096K, used 3957K [0x0000000703600000, 0x0000000800000000)
  region size 2048K, 2 young (4096K), 2 survivors (4096K)
 Metaspace       used 5708K, committed 5952K, reserved 1114112K
  class space    used 654K, committed 768K, reserved 1048576K
}
Event: 1.418 GC heap before
{Heap before GC invocations=1 (full 0):
 garbage-first heap   total 260096K, used 36725K [0x0000000703600000, 0x0000000800000000)
  region size 2048K, 18 young (36864K), 2 survivors (4096K)
 Metaspace       used 10547K, committed 10688K, reserved 1114112K
  class space    used 1257K, committed 1344K, reserved 1048576K
}
Event: 1.423 GC heap after
{Heap after GC invocations=2 (full 0):
 garbage-first heap   total 260096K, used 6034K [0x0000000703600000, 0x0000000800000000)
  region size 2048K, 2 young (4096K), 2 survivors (4096K)
 Metaspace       used 10547K, committed 10688K, reserved 1114112K
  class space    used 1257K, committed 1344K, reserved 1048576K
}
Event: 4.332 GC heap before
{Heap before GC invocations=2 (full 0):
 garbage-first heap   total 260096K, used 161682K [0x0000000703600000, 0x0000000800000000)
  region size 2048K, 76 young (155648K), 2 survivors (4096K)
 Metaspace       used 21251K, committed 21504K, reserved 1114112K
  class space    used 2446K, committed 2560K, reserved 1048576K
}
Event: 4.346 GC heap after
{Heap after GC invocations=3 (full 0):
 garbage-first heap   total 260096K, used 29728K [0x0000000703600000, 0x0000000800000000)
  region size 2048K, 9 young (18432K), 9 survivors (18432K)
 Metaspace       used 21251K, committed 21504K, reserved 1114112K
  class space    used 2446K, committed 2560K, reserved 1048576K
}
Event: 5.790 GC heap before
{Heap before GC invocations=4 (full 0):
 garbage-first heap   total 110592K, used 109600K [0x0000000703600000, 0x0000000800000000)
  region size 2048K, 48 young (98304K), 9 survivors (18432K)
 Metaspace       used 28967K, committed 29376K, reserved 1114112K
  class space    used 3254K, committed 3456K, reserved 1048576K
}
Event: 5.812 GC heap after
{Heap after GC invocations=5 (full 0):
 garbage-first heap   total 145408K, used 41621K [0x0000000703600000, 0x0000000800000000)
  region size 2048K, 8 young (16384K), 8 survivors (16384K)
 Metaspace       used 28967K, committed 29376K, reserved 1114112K
  class space    used 3254K, committed 3456K, reserved 1048576K
}
Event: 6.503 GC heap before
{Heap before GC invocations=5 (full 0):
 garbage-first heap   total 145408K, used 111253K [0x0000000703600000, 0x0000000800000000)
  region size 2048K, 42 young (86016K), 8 survivors (16384K)
 Metaspace       used 30122K, committed 30656K, reserved 1114112K
  class space    used 3364K, committed 3584K, reserved 1048576K
}
Event: 6.520 GC heap after
{Heap after GC invocations=6 (full 0):
 garbage-first heap   total 145408K, used 43670K [0x0000000703600000, 0x0000000800000000)
  region size 2048K, 2 young (4096K), 2 survivors (4096K)
 Metaspace       used 30122K, committed 30656K, reserved 1114112K
  class space    used 3364K, committed 3584K, reserved 1048576K
}
Event: 7.547 GC heap before
{Heap before GC invocations=6 (full 0):
 garbage-first heap   total 145408K, used 121494K [0x0000000703600000, 0x0000000800000000)
  region size 2048K, 38 young (77824K), 2 survivors (4096K)
 Metaspace       used 32467K, committed 33024K, reserved 1114112K
  class space    used 3620K, committed 3840K, reserved 1048576K
}
Event: 7.556 GC heap after
{Heap after GC invocations=7 (full 0):
 garbage-first heap   total 145408K, used 49645K [0x0000000703600000, 0x0000000800000000)
  region size 2048K, 3 young (6144K), 3 survivors (6144K)
 Metaspace       used 32467K, committed 33024K, reserved 1114112K
  class space    used 3620K, committed 3840K, reserved 1048576K
}
Event: 8.237 GC heap before
{Heap before GC invocations=7 (full 0):
 garbage-first heap   total 145408K, used 121325K [0x0000000703600000, 0x0000000800000000)
  region size 2048K, 38 young (77824K), 3 survivors (6144K)
 Metaspace       used 33826K, committed 34368K, reserved 1114112K
  class space    used 3774K, committed 4032K, reserved 1048576K
}
Event: 8.252 GC heap after
{Heap after GC invocations=8 (full 0):
 garbage-first heap   total 147456K, used 68046K [0x0000000703600000, 0x0000000800000000)
  region size 2048K, 5 young (10240K), 5 survivors (10240K)
 Metaspace       used 33826K, committed 34368K, reserved 1114112K
  class space    used 3774K, committed 4032K, reserved 1048576K
}
Event: 8.701 GC heap before
{Heap before GC invocations=8 (full 0):
 garbage-first heap   total 147456K, used 96718K [0x0000000703600000, 0x0000000800000000)
  region size 2048K, 20 young (40960K), 5 survivors (10240K)
 Metaspace       used 35698K, committed 36288K, reserved 1114112K
  class space    used 3951K, committed 4224K, reserved 1048576K
}
Event: 8.709 GC heap after
{Heap after GC invocations=9 (full 0):
 garbage-first heap   total 147456K, used 67517K [0x0000000703600000, 0x0000000800000000)
  region size 2048K, 1 young (2048K), 1 survivors (2048K)
 Metaspace       used 35698K, committed 36288K, reserved 1114112K
  class space    used 3951K, committed 4224K, reserved 1048576K
}

