# JRE version: Java(TM) SE Runtime Environment (21.0.2+13) (build 21.0.2+13-LTS-58)
# Java VM: Java HotSpot(TM) 64-Bit Server VM (21.0.2+13-LTS-58, mixed mode, sharing, tiered, compressed oops, compressed class ptrs, g1 gc, windows-amd64)
GC Precious Log:
 CardTable entry size: 512
 Card Set container configuration: InlinePtr #cards 4 size 8 Array Of Cards #cards 16 size 48 Howl #buckets 8 coarsen threshold 3686 Howl Bitmap #cards 512 size 80 coarsen threshold 460 Card regions per heap region 1 cards per card region 4096
 CPUs: 8 total, 8 available
 Memory: 16166M
 Large Page Support: Disabled
 NUMA Support: Disabled
 Compressed Oops: Enabled (Zero based)
 Heap Region Size: 2M
 Heap Min Capacity: 8M
 Heap Initial Capacity: 254M
 Heap Max Capacity: 4042M
 Pre-touch: Disabled
 Parallel Workers: 8
 Concurrent Workers: 2
 Concurrent Refinement Workers: 8
 Periodic GC: Disabled
Heap:
 garbage-first heap   total 167936K, used 71416K [0x0000000703600000, 0x0000000800000000)
  region size 2048K, 5 young (10240K), 1 survivors (2048K)
 Metaspace       used 37041K, committed 37632K, reserved 1114112K
  class space    used 4128K, committed 4416K, reserved 1048576K
GC Heap History (20 events):
Event: 0.792 GC heap before
{Heap before GC invocations=0 (full 0):
 garbage-first heap   total 260096K, used 22528K [0x0000000703600000, 0x0000000800000000)
  region size 2048K, 11 young (22528K), 0 survivors (0K)
 Metaspace       used 5695K, committed 5888K, reserved 1114112K
  class space    used 653K, committed 768K, reserved 1048576K
}
Event: 0.796 GC heap after
{Heap after GC invocations=1 (full 0):
 garbage-first heap   total 260096K, used 3961K [0x0000000703600000, 0x0000000800000000)
  region size 2048K, 2 young (4096K), 2 survivors (4096K)
 Metaspace       used 5695K, committed 5888K, reserved 1114112K
  class space    used 653K, committed 768K, reserved 1048576K
}
Event: 1.370 GC heap before
{Heap before GC invocations=1 (full 0):
 garbage-first heap   total 260096K, used 36729K [0x0000000703600000, 0x0000000800000000)
  region size 2048K, 18 young (36864K), 2 survivors (4096K)
 Metaspace       used 10534K, committed 10688K, reserved 1114112K
  class space    used 1255K, committed 1344K, reserved 1048576K
}
Event: 1.375 GC heap after
{Heap after GC invocations=2 (full 0):
 garbage-first heap   total 260096K, used 5882K [0x0000000703600000, 0x0000000800000000)
  region size 2048K, 2 young (4096K), 2 survivors (4096K)
 Metaspace       used 10534K, committed 10688K, reserved 1114112K
  class space    used 1255K, committed 1344K, reserved 1048576K
}
Event: 3.850 GC heap before
{Heap before GC invocations=2 (full 0):
 garbage-first heap   total 260096K, used 163578K [0x0000000703600000, 0x0000000800000000)
  region size 2048K, 76 young (155648K), 2 survivors (4096K)
 Metaspace       used 20772K, committed 21120K, reserved 1114112K
  class space    used 2339K, committed 2496K, reserved 1048576K
}
Event: 3.863 GC heap after
{Heap after GC invocations=3 (full 0):
 garbage-first heap   total 260096K, used 29377K [0x0000000703600000, 0x0000000800000000)
  region size 2048K, 9 young (18432K), 9 survivors (18432K)
 Metaspace       used 20772K, committed 21120K, reserved 1114112K
  class space    used 2339K, committed 2496K, reserved 1048576K
}
Event: 3.876 GC heap before
{Heap before GC invocations=3 (full 0):
 garbage-first heap   total 260096K, used 29377K [0x0000000703600000, 0x0000000800000000)
  region size 2048K, 10 young (20480K), 9 survivors (18432K)
 Metaspace       used 21252K, committed 21504K, reserved 1114112K
  class space    used 2442K, committed 2560K, reserved 1048576K
}
Event: 3.886 GC heap after
{Heap after GC invocations=4 (full 0):
 garbage-first heap   total 260096K, used 27584K [0x0000000703600000, 0x0000000800000000)
  region size 2048K, 2 young (4096K), 2 survivors (4096K)
 Metaspace       used 21252K, committed 21504K, reserved 1114112K
  class space    used 2442K, committed 2560K, reserved 1048576K
}
Event: 5.306 GC heap before
{Heap before GC invocations=5 (full 0):
 garbage-first heap   total 110592K, used 107456K [0x0000000703600000, 0x0000000800000000)
  region size 2048K, 41 young (83968K), 2 survivors (4096K)
 Metaspace       used 29011K, committed 29440K, reserved 1114112K
  class space    used 3255K, committed 3456K, reserved 1048576K
}
Event: 5.317 GC heap after
{Heap after GC invocations=6 (full 0):
 garbage-first heap   total 126976K, used 41080K [0x0000000703600000, 0x0000000800000000)
  region size 2048K, 8 young (16384K), 8 survivors (16384K)
 Metaspace       used 29011K, committed 29440K, reserved 1114112K
  class space    used 3255K, committed 3456K, reserved 1048576K
}
Event: 5.757 GC heap before
{Heap before GC invocations=6 (full 0):
 garbage-first heap   total 126976K, used 100472K [0x0000000703600000, 0x0000000800000000)
  region size 2048K, 37 young (75776K), 8 survivors (16384K)
 Metaspace       used 30101K, committed 30656K, reserved 1114112K
  class space    used 3370K, committed 3648K, reserved 1048576K
}
Event: 5.768 GC heap after
{Heap after GC invocations=7 (full 0):
 garbage-first heap   total 126976K, used 42159K [0x0000000703600000, 0x0000000800000000)
  region size 2048K, 2 young (4096K), 2 survivors (4096K)
 Metaspace       used 30101K, committed 30656K, reserved 1114112K
  class space    used 3370K, committed 3648K, reserved 1048576K
}
Event: 6.510 GC heap before
{Heap before GC invocations=7 (full 0):
 garbage-first heap   total 126976K, used 107695K [0x0000000703600000, 0x0000000800000000)
  region size 2048K, 34 young (69632K), 2 survivors (4096K)
 Metaspace       used 32302K, committed 32832K, reserved 1114112K
  class space    used 3616K, committed 3840K, reserved 1048576K
}
Event: 6.518 GC heap after
{Heap after GC invocations=8 (full 0):
 garbage-first heap   total 126976K, used 42830K [0x0000000703600000, 0x0000000800000000)
  region size 2048K, 2 young (4096K), 2 survivors (4096K)
 Metaspace       used 32302K, committed 32832K, reserved 1114112K
  class space    used 3616K, committed 3840K, reserved 1048576K
}
Event: 7.094 GC heap before
{Heap before GC invocations=8 (full 0):
 garbage-first heap   total 126976K, used 112462K [0x0000000703600000, 0x0000000800000000)
  region size 2048K, 35 young (71680K), 2 survivors (4096K)
 Metaspace       used 32959K, committed 33536K, reserved 1114112K
  class space    used 3671K, committed 3904K, reserved 1048576K
}
Event: 7.119 GC heap after
{Heap after GC invocations=9 (full 0):
 garbage-first heap   total 139264K, used 67584K [0x0000000703600000, 0x0000000800000000)
  region size 2048K, 5 young (10240K), 5 survivors (10240K)
 Metaspace       used 32959K, committed 33536K, reserved 1114112K
  class space    used 3671K, committed 3904K, reserved 1048576K
}
Event: 7.736 GC heap before
{Heap before GC invocations=9 (full 0):
 garbage-first heap   total 139264K, used 114688K [0x0000000703600000, 0x0000000800000000)
  region size 2048K, 28 young (57344K), 5 survivors (10240K)
 Metaspace       used 35433K, committed 36096K, reserved 1114112K
  class space    used 3920K, committed 4224K, reserved 1048576K
}
Event: 7.745 GC heap after
{Heap after GC invocations=10 (full 0):
 garbage-first heap   total 139264K, used 65770K [0x0000000703600000, 0x0000000800000000)
  region size 2048K, 2 young (4096K), 2 survivors (4096K)
 Metaspace       used 35433K, committed 36096K, reserved 1114112K
  class space    used 3920K, committed 4224K, reserved 1048576K
}
Event: 7.788 GC heap before
{Heap before GC invocations=10 (full 0):
 garbage-first heap   total 139264K, used 67818K [0x0000000703600000, 0x0000000800000000)
  region size 2048K, 4 young (8192K), 2 survivors (4096K)
 Metaspace       used 35800K, committed 36416K, reserved 1114112K
  class space    used 3978K, committed 4288K, reserved 1048576K
}
Event: 7.791 GC heap after
{Heap after GC invocations=11 (full 0):
 garbage-first heap   total 167936K, used 65272K [0x0000000703600000, 0x0000000800000000)
  region size 2048K, 1 young (2048K), 1 survivors (2048K)
 Metaspace       used 35800K, committed 36416K, reserved 1114112K
  class space    used 3978K, committed 4288K, reserved 1048576K
}

